  main.cpp
main.cpp(118): warning C4244: 'initializing': conversion from 'float' to 'int', possible loss of data
main.cpp(119): warning C4244: 'initializing': conversion from 'float' to 'int', possible loss of data
main.cpp(120): warning C4244: 'initializing': conversion from 'float' to 'int', possible loss of data
main.cpp(124): warning C4996: 'sprintf': This function or variable may be unsafe. Consider using sprintf_s instead. To disable deprecation, use _CRT_SECURE_NO_WARNINGS. See online help for details.
  C:\Program Files (x86)\Windows Kits\10\Include\10.0.15063.0\ucrt\stdio.h(1772): note: see declaration of 'sprintf'
main.cpp(133): warning C4244: 'argument': conversion from 'double' to 'GLfloat', possible loss of data
main.cpp(136): warning C4244: 'argument': conversion from 'double' to 'GLfloat', possible loss of data
main.cpp(139): warning C4244: 'argument': conversion from 'double' to 'GLfloat', possible loss of data
main.cpp(142): warning C4244: 'argument': conversion from 'double' to 'GLfloat', possible loss of data
main.cpp(145): warning C4244: 'argument': conversion from 'double' to 'GLfloat', possible loss of data
main.cpp(148): warning C4244: 'argument': conversion from 'double' to 'GLfloat', possible loss of data
main.cpp(184): warning C4244: '=': conversion from 'double' to 'float', possible loss of data
main.cpp(185): warning C4244: '=': conversion from 'double' to 'float', possible loss of data
main.cpp(188): warning C4244: '=': conversion from 'double' to 'float', possible loss of data
main.cpp(190): warning C4244: '=': conversion from 'double' to 'float', possible loss of data
main.cpp(193): warning C4244: '=': conversion from 'double' to 'float', possible loss of data
main.cpp(195): warning C4244: '=': conversion from 'double' to 'float', possible loss of data
main.cpp(199): warning C4244: '=': conversion from 'double' to 'float', possible loss of data
main.cpp(200): warning C4244: '=': conversion from 'double' to 'float', possible loss of data
main.cpp(204): warning C4244: '=': conversion from 'double' to 'float', possible loss of data
main.cpp(205): warning C4244: '=': conversion from 'double' to 'float', possible loss of data
main.cpp(211): warning C4244: '=': conversion from 'double' to 'float', possible loss of data
main.cpp(212): warning C4244: '=': conversion from 'double' to 'float', possible loss of data
main.cpp(234): warning C4244: 'argument': conversion from 'double' to 'float', possible loss of data
main.cpp(237): warning C4244: 'argument': conversion from 'int' to 'GLfloat', possible loss of data
main.cpp(238): warning C4244: 'argument': conversion from 'int' to 'GLfloat', possible loss of data
main.cpp(239): warning C4244: 'argument': conversion from 'int' to 'GLfloat', possible loss of data
main.cpp(240): warning C4244: 'argument': conversion from 'int' to 'GLfloat', possible loss of data
main.cpp(247): warning C4244: 'initializing': conversion from 'double' to 'float', possible loss of data
main.cpp(250): warning C4244: 'argument': conversion from 'double' to 'float', possible loss of data
main.cpp(251): warning C4244: 'argument': conversion from 'int' to 'GLfloat', possible loss of data
main.cpp(252): warning C4244: 'argument': conversion from 'int' to 'GLfloat', possible loss of data
main.cpp(253): warning C4244: 'argument': conversion from 'int' to 'GLfloat', possible loss of data
main.cpp(254): warning C4244: 'argument': conversion from 'int' to 'GLfloat', possible loss of data
main.cpp(265): warning C4244: 'argument': conversion from 'int' to 'GLfloat', possible loss of data
main.cpp(266): warning C4244: 'argument': conversion from 'int' to 'GLfloat', possible loss of data
main.cpp(267): warning C4244: 'argument': conversion from 'int' to 'GLfloat', possible loss of data
main.cpp(268): warning C4244: 'argument': conversion from 'int' to 'GLfloat', possible loss of data
main.cpp(277): warning C4244: 'initializing': conversion from 'double' to 'float', possible loss of data
main.cpp(280): warning C4244: 'argument': conversion from 'double' to 'float', possible loss of data
main.cpp(281): warning C4244: 'argument': conversion from 'int' to 'GLfloat', possible loss of data
main.cpp(282): warning C4244: 'argument': conversion from 'int' to 'GLfloat', possible loss of data
main.cpp(283): warning C4244: 'argument': conversion from 'int' to 'GLfloat', possible loss of data
main.cpp(284): warning C4244: 'argument': conversion from 'int' to 'GLfloat', possible loss of data
main.cpp(295): warning C4244: 'argument': conversion from 'int' to 'GLfloat', possible loss of data
main.cpp(296): warning C4244: 'argument': conversion from 'int' to 'GLfloat', possible loss of data
main.cpp(297): warning C4244: 'argument': conversion from 'int' to 'GLfloat', possible loss of data
main.cpp(298): warning C4244: 'argument': conversion from 'int' to 'GLfloat', possible loss of data
main.cpp(307): warning C4244: 'initializing': conversion from 'double' to 'float', possible loss of data
main.cpp(310): warning C4244: 'argument': conversion from 'double' to 'float', possible loss of data
main.cpp(311): warning C4244: 'argument': conversion from 'int' to 'GLfloat', possible loss of data
main.cpp(312): warning C4244: 'argument': conversion from 'int' to 'GLfloat', possible loss of data
main.cpp(313): warning C4244: 'argument': conversion from 'int' to 'GLfloat', possible loss of data
main.cpp(314): warning C4244: 'argument': conversion from 'int' to 'GLfloat', possible loss of data
main.cpp(325): warning C4244: 'argument': conversion from 'int' to 'GLfloat', possible loss of data
main.cpp(326): warning C4244: 'argument': conversion from 'int' to 'GLfloat', possible loss of data
main.cpp(327): warning C4244: 'argument': conversion from 'int' to 'GLfloat', possible loss of data
main.cpp(328): warning C4244: 'argument': conversion from 'int' to 'GLfloat', possible loss of data
main.cpp(358): warning C4305: '=': truncation from 'double' to 'float'
main.cpp(367): warning C4305: '=': truncation from 'double' to 'float'
main.cpp(413): warning C4244: 'initializing': conversion from 'double' to 'float', possible loss of data
main.cpp(414): warning C4244: '=': conversion from 'int' to 'float', possible loss of data
SOIL.lib(SOIL.obj) : warning LNK4075: ignoring '/EDITANDCONTINUE' due to '/OPT:ICF' specification
LINK : warning LNK4098: defaultlib 'MSVCRTD' conflicts with use of other libs; use /NODEFAULTLIB:library
  Generating code
  All 20 functions were compiled because no usable IPDB/IOBJ from previous compilation was found.
  Finished generating code
SOIL.lib(image_DXT.obj) : warning LNK4099: PDB 'SOIL.pdb' was not found with 'SOIL.lib(image_DXT.obj)' or at 'C:\Users\Seth\Documents\Visual Studio 2017\Projects\IHStoRGB\Release\SOIL.pdb'; linking object as if no debug info
SOIL.lib(image_helper.obj) : warning LNK4099: PDB 'SOIL.pdb' was not found with 'SOIL.lib(image_helper.obj)' or at 'C:\Users\Seth\Documents\Visual Studio 2017\Projects\IHStoRGB\Release\SOIL.pdb'; linking object as if no debug info
SOIL.lib(SOIL.obj) : warning LNK4099: PDB 'SOIL.pdb' was not found with 'SOIL.lib(SOIL.obj)' or at 'C:\Users\Seth\Documents\Visual Studio 2017\Projects\IHStoRGB\Release\SOIL.pdb'; linking object as if no debug info
SOIL.lib(stb_image_aug.obj) : warning LNK4099: PDB 'SOIL.pdb' was not found with 'SOIL.lib(stb_image_aug.obj)' or at 'C:\Users\Seth\Documents\Visual Studio 2017\Projects\IHStoRGB\Release\SOIL.pdb'; linking object as if no debug info
  IHStoRGB.vcxproj -> C:\Users\Seth\Documents\Visual Studio 2017\Projects\IHStoRGB\Release\IHStoRGB.exe
